<?xml version="1.0" encoding="UTF-8"?>
<!-- Generated by org.testng.reporters.JUnitXMLReporter -->
<testsuite ignored="0" hostname="DESKTOP-RJ192UE" failures="0" tests="5" name="Default test" time="24.382" errors="0" timestamp="2024-10-20T11:07:33 IST">
  <testcase classname="com.AdminPage.AdminPageTest" name="loginTest" time="2.726"/>
  <testcase classname="com.AdminPage.AdminPageTest" name="selectAdminMenuTest" time="1.29"/>
  <testcase classname="com.AdminPage.AdminPageTest" name="selectUserNameTest" time="3.101"/>
  <testcase classname="com.AdminPage.AdminPageTest" name="selectUserRoleTest" time="3.243"/>
  <testcase classname="com.AdminPage.AdminPageTest" name="selectUserStatusTest" time="3.201"/>
</testsuite> <!-- Default test -->
