<?xml version="1.0" encoding="UTF-8"?>
<testng-results ignored="0" total="5" passed="5" failed="0" skipped="0">
  <reporter-output>
  </reporter-output>
  <suite started-at="2024-10-20T11:07:09 IST" name="Default suite" finished-at="2024-10-20T11:07:33 IST" duration-ms="24382">
    <groups>
    </groups>
    <test started-at="2024-10-20T11:07:09 IST" name="Default test" finished-at="2024-10-20T11:07:33 IST" duration-ms="24382">
      <class name="com.AdminPage.AdminPageTest">
        <test-method is-config="true" signature="configuration()[pri:0, instance:com.AdminPage.AdminPageTest@1165b38]" started-at="2024-10-20T11:07:09 IST" name="configuration" finished-at="2024-10-20T11:07:14 IST" duration-ms="5711" status="PASS">
          <reporter-output>
          </reporter-output>
        </test-method> <!-- configuration -->
        <test-method signature="loginTest()[pri:1, instance:com.AdminPage.AdminPageTest@1165b38]" started-at="2024-10-20T11:07:14 IST" name="loginTest" finished-at="2024-10-20T11:07:17 IST" duration-ms="2726" status="PASS">
          <reporter-output>
          </reporter-output>
        </test-method> <!-- loginTest -->
        <test-method signature="selectAdminMenuTest()[pri:2, instance:com.AdminPage.AdminPageTest@1165b38]" started-at="2024-10-20T11:07:17 IST" name="selectAdminMenuTest" finished-at="2024-10-20T11:07:18 IST" depends-on-methods="com.AdminPage.AdminPageTest.loginTest" duration-ms="1290" status="PASS">
          <reporter-output>
          </reporter-output>
        </test-method> <!-- selectAdminMenuTest -->
        <test-method signature="selectUserNameTest()[pri:3, instance:com.AdminPage.AdminPageTest@1165b38]" started-at="2024-10-20T11:07:18 IST" name="selectUserNameTest" finished-at="2024-10-20T11:07:22 IST" depends-on-methods="com.AdminPage.AdminPageTest.selectAdminMenuTest" duration-ms="3101" status="PASS">
          <reporter-output>
          </reporter-output>
        </test-method> <!-- selectUserNameTest -->
        <test-method signature="selectUserRoleTest()[pri:4, instance:com.AdminPage.AdminPageTest@1165b38]" started-at="2024-10-20T11:07:22 IST" name="selectUserRoleTest" finished-at="2024-10-20T11:07:25 IST" depends-on-methods="com.AdminPage.AdminPageTest.selectAdminMenuTest" duration-ms="3243" status="PASS">
          <reporter-output>
          </reporter-output>
        </test-method> <!-- selectUserRoleTest -->
        <test-method signature="selectUserStatusTest()[pri:5, instance:com.AdminPage.AdminPageTest@1165b38]" started-at="2024-10-20T11:07:25 IST" name="selectUserStatusTest" finished-at="2024-10-20T11:07:28 IST" depends-on-methods="com.AdminPage.AdminPageTest.selectAdminMenuTest" duration-ms="3201" status="PASS">
          <reporter-output>
          </reporter-output>
        </test-method> <!-- selectUserStatusTest -->
        <test-method is-config="true" signature="afterTest()[pri:0, instance:com.AdminPage.AdminPageTest@1165b38]" started-at="2024-10-20T11:07:28 IST" name="afterTest" finished-at="2024-10-20T11:07:33 IST" duration-ms="5068" status="PASS">
          <reporter-output>
          </reporter-output>
        </test-method> <!-- afterTest -->
      </class> <!-- com.AdminPage.AdminPageTest -->
    </test> <!-- Default test -->
  </suite> <!-- Default suite -->
</testng-results>
